Full stderr log omitted from package to keep evidence compact.
Seed: 7
Tail lines:


  0%|          | 0/1 [00:00<?, ?it/s]
mixedH_TM U_p: 0.0001, Epoch [72/10000]:   0%|          | 0/1 [00:00<?, ?it/s]
mixedH_TM U_p: 0.0001, Epoch [72/10000]:   0%|          | 0/1 [00:00<?, ?it/s, loss=-7.19, loss_E=-7.19]
mixedH_TM U_p: 0.0001, Epoch [72/10000]: 100%|██████████| 1/1 [00:00<00:00, 19.47it/s, loss=-7.19, loss_E=-7.19]

  0%|          | 0/1 [00:00<?, ?it/s]
mixedH_TM U_p: 0.0001, Epoch [73/10000]:   0%|          | 0/1 [00:00<?, ?it/s]
mixedH_TM U_p: 0.0001, Epoch [73/10000]:   0%|          | 0/1 [00:00<?, ?it/s, loss=-7.19, loss_E=-7.19]
mixedH_TM U_p: 0.0001, Epoch [73/10000]: 100%|██████████| 1/1 [00:00<00:00, 25.97it/s, loss=-7.19, loss_E=-7.19]

  0%|          | 0/1 [00:00<?, ?it/s]
mixedH_TM U_p: 0.0001, Epoch [74/10000]:   0%|          | 0/1 [00:00<?, ?it/s]
mixedH_TM U_p: 0.0001, Epoch [74/10000]:   0%|          | 0/1 [00:00<?, ?it/s, loss=-7.19, loss_E=-7.19]
mixedH_TM U_p: 0.0001, Epoch [74/10000]: 100%|██████████| 1/1 [00:00<00:00, 26.67it/s, loss=-7.19, loss_E=-7.19]

  0%|          | 0/1 [00:00<?, ?it/s]
mixedH_TM U_p: 0.0001, Epoch [75/10000]:   0%|          | 0/1 [00:00<?, ?it/s]
mixedH_TM U_p: 0.0001, Epoch [75/10000]:   0%|          | 0/1 [00:00<?, ?it/s, loss=-7.19, loss_E=-7.19]
mixedH_TM U_p: 0.0001, Epoch [75/10000]: 100%|██████████| 1/1 [00:00<00:00, 17.82it/s, loss=-7.19, loss_E=-7.19]

  0%|          | 0/1 [00:00<?, ?it/s]
mixedH_TM U_p: 0.0001, Epoch [76/10000]:   0%|          | 0/1 [00:00<?, ?it/s]
mixedH_TM U_p: 0.0001, Epoch [76/10000]:   0%|          | 0/1 [00:00<?, ?it/s, loss=-7.19, loss_E=-7.19]
mixedH_TM U_p: 0.0001, Epoch [76/10000]: 100%|██████████| 1/1 [00:00<00:00,  7.22it/s, loss=-7.19, loss_E=-7.19]

  0%|          | 0/1 [00:00<?, ?it/s]
mixedH_TM U_p: 0.0001, Epoch [77/10000]:   0%|          | 0/1 [00:00<?, ?it/s]
mixedH_TM U_p: 0.0001, Epoch [77/10000]:   0%|          | 0/1 [00:00<?, ?it/s, loss=-7.19, loss_E=-7.19]
mixedH_TM U_p: 0.0001, Epoch [77/10000]: 100%|██████████| 1/1 [00:00<00:00, 20.11it/s, loss=-7.19, loss_E=-7.19]

  0%|          | 0/1 [00:00<?, ?it/s]
mixedH_TM U_p: 0.0001, Epoch [78/10000]:   0%|          | 0/1 [00:00<?, ?it/s]
mixedH_TM U_p: 0.0001, Epoch [78/10000]:   0%|          | 0/1 [00:00<?, ?it/s, loss=-7.19, loss_E=-7.19]
mixedH_TM U_p: 0.0001, Epoch [78/10000]: 100%|██████████| 1/1 [00:00<00:00, 24.58it/s, loss=-7.19, loss_E=-7.19]

  0%|          | 0/1 [00:00<?, ?it/s]
mixedH_TM U_p: 0.0001, Epoch [79/10000]:   0%|          | 0/1 [00:00<?, ?it/s]
mixedH_TM U_p: 0.0001, Epoch [79/10000]:   0%|          | 0/1 [00:00<?, ?it/s, loss=-7.19, loss_E=-7.19]
mixedH_TM U_p: 0.0001, Epoch [79/10000]: 100%|██████████| 1/1 [00:00<00:00, 14.33it/s, loss=-7.19, loss_E=-7.19]

  0%|          | 0/1 [00:00<?, ?it/s]
mixedH_TM U_p: 0.0001, Epoch [80/10000]:   0%|          | 0/1 [00:00<?, ?it/s]
mixedH_TM U_p: 0.0001, Epoch [80/10000]:   0%|          | 0/1 [00:00<?, ?it/s, loss=-7.19, loss_E=-7.19]
mixedH_TM U_p: 0.0001, Epoch [80/10000]: 100%|██████████| 1/1 [00:00<00:00, 12.25it/s, loss=-7.19, loss_E=-7.19]

  0%|          | 0/1 [00:00<?, ?it/s]
mixedH_TM U_p: 0.0001, Epoch [81/10000]:   0%|          | 0/1 [00:00<?, ?it/s]
mixedH_TM U_p: 0.0001, Epoch [81/10000]:   0%|          | 0/1 [00:00<?, ?it/s, loss=-7.19, loss_E=-7.19]
mixedH_TM U_p: 0.0001, Epoch [81/10000]: 100%|██████████| 1/1 [00:00<00:00, 14.19it/s, loss=-7.19, loss_E=-7.19]

  0%|          | 0/1 [00:00<?, ?it/s]
mixedH_TM U_p: 0.0001, Epoch [82/10000]:   0%|          | 0/1 [00:00<?, ?it/s]
mixedH_TM U_p: 0.0001, Epoch [82/10000]:   0%|          | 0/1 [00:00<?, ?it/s, loss=-7.19, loss_E=-7.19]
mixedH_TM U_p: 0.0001, Epoch [82/10000]: 100%|██████████| 1/1 [00:00<00:00, 14.69it/s, loss=-7.19, loss_E=-7.19]

  0%|          | 0/1 [00:00<?, ?it/s]
mixedH_TM U_p: 0.0001, Epoch [83/10000]:   0%|          | 0/1 [00:00<?, ?it/s]
mixedH_TM U_p: 0.0001, Epoch [83/10000]:   0%|          | 0/1 [00:00<?, ?it/s, loss=-7.19, loss_E=-7.19]
mixedH_TM U_p: 0.0001, Epoch [83/10000]: 100%|██████████| 1/1 [00:00<00:00, 21.59it/s, loss=-7.19, loss_E=-7.19]

  0%|          | 0/1 [00:00<?, ?it/s]
mixedH_TM U_p: 0.0001, Epoch [84/10000]:   0%|          | 0/1 [00:00<?, ?it/s]
mixedH_TM U_p: 0.0001, Epoch [84/10000]:   0%|          | 0/1 [00:00<?, ?it/s, loss=-7.19, loss_E=-7.19]
mixedH_TM U_p: 0.0001, Epoch [84/10000]: 100%|██████████| 1/1 [00:00<00:00,  7.12it/s, loss=-7.19, loss_E=-7.19]

  0%|          | 0/1 [00:00<?, ?it/s]
mixedH_TM U_p: 0.0001, Epoch [85/10000]:   0%|          | 0/1 [00:00<?, ?it/s]
mixedH_TM U_p: 0.0001, Epoch [85/10000]:   0%|          | 0/1 [00:00<?, ?it/s, loss=-7.19, loss_E=-7.19]
mixedH_TM U_p: 0.0001, Epoch [85/10000]: 100%|██████████| 1/1 [00:00<00:00, 24.61it/s, loss=-7.19, loss_E=-7.19]

  0%|          | 0/1 [00:00<?, ?it/s]
mixedH_TM U_p: 0.0001, Epoch [86/10000]:   0%|          | 0/1 [00:00<?, ?it/s]
mixedH_TM U_p: 0.0001, Epoch [86/10000]:   0%|          | 0/1 [00:00<?, ?it/s, loss=-7.19, loss_E=-7.19]
mixedH_TM U_p: 0.0001, Epoch [86/10000]: 100%|██████████| 1/1 [00:00<00:00, 29.50it/s, loss=-7.19, loss_E=-7.19]

  0%|          | 0/1 [00:00<?, ?it/s]
mixedH_TM U_p: 0.0001, Epoch [87/10000]:   0%|          | 0/1 [00:00<?, ?it/s]
mixedH_TM U_p: 0.0001, Epoch [87/10000]:   0%|          | 0/1 [00:00<?, ?it/s, loss=-7.19, loss_E=-7.19]
mixedH_TM U_p: 0.0001, Epoch [87/10000]: 100%|██████████| 1/1 [00:00<00:00, 17.32it/s, loss=-7.19, loss_E=-7.19]
