Full stderr log omitted from package to keep evidence compact.
Seed: 13
Tail lines:


  0%|          | 0/1 [00:00<?, ?it/s]
mixedH_TM U_p: 0.0001, Epoch [106/10000]:   0%|          | 0/1 [00:00<?, ?it/s]
mixedH_TM U_p: 0.0001, Epoch [106/10000]:   0%|          | 0/1 [00:00<?, ?it/s, loss=-7.19, loss_E=-7.2]
mixedH_TM U_p: 0.0001, Epoch [106/10000]: 100%|██████████| 1/1 [00:00<00:00, 11.09it/s, loss=-7.19, loss_E=-7.2]

  0%|          | 0/1 [00:00<?, ?it/s]
mixedH_TM U_p: 0.0001, Epoch [107/10000]:   0%|          | 0/1 [00:00<?, ?it/s]
mixedH_TM U_p: 0.0001, Epoch [107/10000]:   0%|          | 0/1 [00:00<?, ?it/s, loss=-7.19, loss_E=-7.2]
mixedH_TM U_p: 0.0001, Epoch [107/10000]: 100%|██████████| 1/1 [00:00<00:00, 10.89it/s, loss=-7.19, loss_E=-7.2]

  0%|          | 0/1 [00:00<?, ?it/s]
mixedH_TM U_p: 0.0001, Epoch [108/10000]:   0%|          | 0/1 [00:00<?, ?it/s]
mixedH_TM U_p: 0.0001, Epoch [108/10000]:   0%|          | 0/1 [00:00<?, ?it/s, loss=-7.19, loss_E=-7.2]
mixedH_TM U_p: 0.0001, Epoch [108/10000]: 100%|██████████| 1/1 [00:00<00:00, 11.21it/s, loss=-7.19, loss_E=-7.2]

  0%|          | 0/1 [00:00<?, ?it/s]
mixedH_TM U_p: 0.0001, Epoch [109/10000]:   0%|          | 0/1 [00:00<?, ?it/s]
mixedH_TM U_p: 0.0001, Epoch [109/10000]:   0%|          | 0/1 [00:00<?, ?it/s, loss=-7.19, loss_E=-7.2]
mixedH_TM U_p: 0.0001, Epoch [109/10000]: 100%|██████████| 1/1 [00:00<00:00, 10.12it/s, loss=-7.19, loss_E=-7.2]

  0%|          | 0/1 [00:00<?, ?it/s]
mixedH_TM U_p: 0.0001, Epoch [110/10000]:   0%|          | 0/1 [00:00<?, ?it/s]
mixedH_TM U_p: 0.0001, Epoch [110/10000]:   0%|          | 0/1 [00:00<?, ?it/s, loss=-7.19, loss_E=-7.2]
mixedH_TM U_p: 0.0001, Epoch [110/10000]: 100%|██████████| 1/1 [00:00<00:00,  5.34it/s, loss=-7.19, loss_E=-7.2]

  0%|          | 0/1 [00:00<?, ?it/s]
mixedH_TM U_p: 0.0001, Epoch [111/10000]:   0%|          | 0/1 [00:00<?, ?it/s]
mixedH_TM U_p: 0.0001, Epoch [111/10000]:   0%|          | 0/1 [00:00<?, ?it/s, loss=-7.19, loss_E=-7.2]
mixedH_TM U_p: 0.0001, Epoch [111/10000]: 100%|██████████| 1/1 [00:00<00:00, 11.01it/s, loss=-7.19, loss_E=-7.2]

  0%|          | 0/1 [00:00<?, ?it/s]
mixedH_TM U_p: 0.0001, Epoch [112/10000]:   0%|          | 0/1 [00:00<?, ?it/s]
mixedH_TM U_p: 0.0001, Epoch [112/10000]:   0%|          | 0/1 [00:00<?, ?it/s, loss=-7.19, loss_E=-7.2]
mixedH_TM U_p: 0.0001, Epoch [112/10000]: 100%|██████████| 1/1 [00:00<00:00, 10.31it/s, loss=-7.19, loss_E=-7.2]

  0%|          | 0/1 [00:00<?, ?it/s]
mixedH_TM U_p: 0.0001, Epoch [113/10000]:   0%|          | 0/1 [00:00<?, ?it/s]
mixedH_TM U_p: 0.0001, Epoch [113/10000]:   0%|          | 0/1 [00:00<?, ?it/s, loss=-7.19, loss_E=-7.2]
mixedH_TM U_p: 0.0001, Epoch [113/10000]: 100%|██████████| 1/1 [00:00<00:00, 10.67it/s, loss=-7.19, loss_E=-7.2]

  0%|          | 0/1 [00:00<?, ?it/s]
mixedH_TM U_p: 0.0001, Epoch [114/10000]:   0%|          | 0/1 [00:00<?, ?it/s]
mixedH_TM U_p: 0.0001, Epoch [114/10000]:   0%|          | 0/1 [00:00<?, ?it/s, loss=-7.19, loss_E=-7.2]
mixedH_TM U_p: 0.0001, Epoch [114/10000]: 100%|██████████| 1/1 [00:00<00:00, 12.47it/s, loss=-7.19, loss_E=-7.2]

  0%|          | 0/1 [00:00<?, ?it/s]
mixedH_TM U_p: 0.0001, Epoch [115/10000]:   0%|          | 0/1 [00:00<?, ?it/s]
mixedH_TM U_p: 0.0001, Epoch [115/10000]:   0%|          | 0/1 [00:00<?, ?it/s, loss=-7.19, loss_E=-7.2]
mixedH_TM U_p: 0.0001, Epoch [115/10000]: 100%|██████████| 1/1 [00:00<00:00, 10.62it/s, loss=-7.19, loss_E=-7.2]

  0%|          | 0/1 [00:00<?, ?it/s]
mixedH_TM U_p: 0.0001, Epoch [116/10000]:   0%|          | 0/1 [00:00<?, ?it/s]
mixedH_TM U_p: 0.0001, Epoch [116/10000]:   0%|          | 0/1 [00:00<?, ?it/s, loss=-7.19, loss_E=-7.2]
mixedH_TM U_p: 0.0001, Epoch [116/10000]: 100%|██████████| 1/1 [00:00<00:00, 10.94it/s, loss=-7.19, loss_E=-7.2]

  0%|          | 0/1 [00:00<?, ?it/s]
mixedH_TM U_p: 0.0001, Epoch [117/10000]:   0%|          | 0/1 [00:00<?, ?it/s]
mixedH_TM U_p: 0.0001, Epoch [117/10000]:   0%|          | 0/1 [00:00<?, ?it/s, loss=-7.19, loss_E=-7.2]
mixedH_TM U_p: 0.0001, Epoch [117/10000]: 100%|██████████| 1/1 [00:00<00:00, 11.23it/s, loss=-7.19, loss_E=-7.2]

  0%|          | 0/1 [00:00<?, ?it/s]
mixedH_TM U_p: 0.0001, Epoch [118/10000]:   0%|          | 0/1 [00:00<?, ?it/s]
mixedH_TM U_p: 0.0001, Epoch [118/10000]:   0%|          | 0/1 [00:00<?, ?it/s, loss=-7.19, loss_E=-7.2]
mixedH_TM U_p: 0.0001, Epoch [118/10000]: 100%|██████████| 1/1 [00:00<00:00, 11.07it/s, loss=-7.19, loss_E=-7.2]

  0%|          | 0/1 [00:00<?, ?it/s]
mixedH_TM U_p: 0.0001, Epoch [119/10000]:   0%|          | 0/1 [00:00<?, ?it/s]
mixedH_TM U_p: 0.0001, Epoch [119/10000]:   0%|          | 0/1 [00:00<?, ?it/s, loss=-7.19, loss_E=-7.2]
mixedH_TM U_p: 0.0001, Epoch [119/10000]: 100%|██████████| 1/1 [00:00<00:00,  5.33it/s, loss=-7.19, loss_E=-7.2]

  0%|          | 0/1 [00:00<?, ?it/s]
mixedH_TM U_p: 0.0001, Epoch [120/10000]:   0%|          | 0/1 [00:00<?, ?it/s]
mixedH_TM U_p: 0.0001, Epoch [120/10000]:   0%|          | 0/1 [00:00<?, ?it/s, loss=-7.19, loss_E=-7.2]
mixedH_TM U_p: 0.0001, Epoch [120/10000]: 100%|██████████| 1/1 [00:00<00:00, 10.78it/s, loss=-7.19, loss_E=-7.2]

  0%|          | 0/1 [00:00<?, ?it/s]
mixedH_TM U_p: 0.0001, Epoch [121/10000]:   0%|          | 0/1 [00:00<?, ?it/s]
mixedH_TM U_p: 0.0001, Epoch [121/10000]:   0%|          | 0/1 [00:00<?, ?it/s, loss=-7.19, loss_E=-7.2]
mixedH_TM U_p: 0.0001, Epoch [121/10000]: 100%|██████████| 1/1 [00:00<00:00, 10.68it/s, loss=-7.19, loss_E=-7.2]
