Full stderr log omitted from package to keep evidence compact.
Seed: 42
Tail lines:


  0%|          | 0/1 [00:00<?, ?it/s]
mixedH_TM U_p: 0.0001, Epoch [85/10000]:   0%|          | 0/1 [00:00<?, ?it/s]
mixedH_TM U_p: 0.0001, Epoch [85/10000]:   0%|          | 0/1 [00:00<?, ?it/s, loss=-7.19, loss_E=-7.2]
mixedH_TM U_p: 0.0001, Epoch [85/10000]: 100%|██████████| 1/1 [00:00<00:00, 29.07it/s, loss=-7.19, loss_E=-7.2]

  0%|          | 0/1 [00:00<?, ?it/s]
mixedH_TM U_p: 0.0001, Epoch [86/10000]:   0%|          | 0/1 [00:00<?, ?it/s]
mixedH_TM U_p: 0.0001, Epoch [86/10000]:   0%|          | 0/1 [00:00<?, ?it/s, loss=-7.19, loss_E=-7.2]
mixedH_TM U_p: 0.0001, Epoch [86/10000]: 100%|██████████| 1/1 [00:00<00:00, 28.67it/s, loss=-7.19, loss_E=-7.2]

  0%|          | 0/1 [00:00<?, ?it/s]
mixedH_TM U_p: 0.0001, Epoch [87/10000]:   0%|          | 0/1 [00:00<?, ?it/s]
mixedH_TM U_p: 0.0001, Epoch [87/10000]:   0%|          | 0/1 [00:00<?, ?it/s, loss=-7.19, loss_E=-7.2]
mixedH_TM U_p: 0.0001, Epoch [87/10000]: 100%|██████████| 1/1 [00:00<00:00, 27.48it/s, loss=-7.19, loss_E=-7.2]

  0%|          | 0/1 [00:00<?, ?it/s]
mixedH_TM U_p: 0.0001, Epoch [88/10000]:   0%|          | 0/1 [00:00<?, ?it/s]
mixedH_TM U_p: 0.0001, Epoch [88/10000]:   0%|          | 0/1 [00:00<?, ?it/s, loss=-7.19, loss_E=-7.2]
mixedH_TM U_p: 0.0001, Epoch [88/10000]: 100%|██████████| 1/1 [00:00<00:00, 29.98it/s, loss=-7.19, loss_E=-7.2]

  0%|          | 0/1 [00:00<?, ?it/s]
mixedH_TM U_p: 0.0001, Epoch [89/10000]:   0%|          | 0/1 [00:00<?, ?it/s]
mixedH_TM U_p: 0.0001, Epoch [89/10000]:   0%|          | 0/1 [00:00<?, ?it/s, loss=-7.19, loss_E=-7.2]
mixedH_TM U_p: 0.0001, Epoch [89/10000]: 100%|██████████| 1/1 [00:00<00:00, 27.87it/s, loss=-7.19, loss_E=-7.2]

  0%|          | 0/1 [00:00<?, ?it/s]
mixedH_TM U_p: 0.0001, Epoch [90/10000]:   0%|          | 0/1 [00:00<?, ?it/s]
mixedH_TM U_p: 0.0001, Epoch [90/10000]:   0%|          | 0/1 [00:00<?, ?it/s, loss=-7.19, loss_E=-7.2]
mixedH_TM U_p: 0.0001, Epoch [90/10000]: 100%|██████████| 1/1 [00:00<00:00, 28.28it/s, loss=-7.19, loss_E=-7.2]

  0%|          | 0/1 [00:00<?, ?it/s]
mixedH_TM U_p: 0.0001, Epoch [91/10000]:   0%|          | 0/1 [00:00<?, ?it/s]
mixedH_TM U_p: 0.0001, Epoch [91/10000]:   0%|          | 0/1 [00:00<?, ?it/s, loss=-7.19, loss_E=-7.2]
mixedH_TM U_p: 0.0001, Epoch [91/10000]: 100%|██████████| 1/1 [00:00<00:00, 29.09it/s, loss=-7.19, loss_E=-7.2]

  0%|          | 0/1 [00:00<?, ?it/s]
mixedH_TM U_p: 0.0001, Epoch [92/10000]:   0%|          | 0/1 [00:00<?, ?it/s]
mixedH_TM U_p: 0.0001, Epoch [92/10000]:   0%|          | 0/1 [00:00<?, ?it/s, loss=-7.19, loss_E=-7.2]
mixedH_TM U_p: 0.0001, Epoch [92/10000]: 100%|██████████| 1/1 [00:00<00:00, 12.25it/s, loss=-7.19, loss_E=-7.2]

  0%|          | 0/1 [00:00<?, ?it/s]
mixedH_TM U_p: 0.0001, Epoch [93/10000]:   0%|          | 0/1 [00:00<?, ?it/s]
mixedH_TM U_p: 0.0001, Epoch [93/10000]:   0%|          | 0/1 [00:00<?, ?it/s, loss=-7.19, loss_E=-7.2]
mixedH_TM U_p: 0.0001, Epoch [93/10000]: 100%|██████████| 1/1 [00:00<00:00, 28.09it/s, loss=-7.19, loss_E=-7.2]

  0%|          | 0/1 [00:00<?, ?it/s]
mixedH_TM U_p: 0.0001, Epoch [94/10000]:   0%|          | 0/1 [00:00<?, ?it/s]
mixedH_TM U_p: 0.0001, Epoch [94/10000]:   0%|          | 0/1 [00:00<?, ?it/s, loss=-7.19, loss_E=-7.2]
mixedH_TM U_p: 0.0001, Epoch [94/10000]: 100%|██████████| 1/1 [00:00<00:00, 29.31it/s, loss=-7.19, loss_E=-7.2]

  0%|          | 0/1 [00:00<?, ?it/s]
mixedH_TM U_p: 0.0001, Epoch [95/10000]:   0%|          | 0/1 [00:00<?, ?it/s]
mixedH_TM U_p: 0.0001, Epoch [95/10000]:   0%|          | 0/1 [00:00<?, ?it/s, loss=-7.19, loss_E=-7.2]
mixedH_TM U_p: 0.0001, Epoch [95/10000]: 100%|██████████| 1/1 [00:00<00:00, 29.96it/s, loss=-7.19, loss_E=-7.2]

  0%|          | 0/1 [00:00<?, ?it/s]
mixedH_TM U_p: 0.0001, Epoch [96/10000]:   0%|          | 0/1 [00:00<?, ?it/s]
mixedH_TM U_p: 0.0001, Epoch [96/10000]:   0%|          | 0/1 [00:00<?, ?it/s, loss=-7.19, loss_E=-7.2]
mixedH_TM U_p: 0.0001, Epoch [96/10000]: 100%|██████████| 1/1 [00:00<00:00, 29.59it/s, loss=-7.19, loss_E=-7.2]

  0%|          | 0/1 [00:00<?, ?it/s]
mixedH_TM U_p: 0.0001, Epoch [97/10000]:   0%|          | 0/1 [00:00<?, ?it/s]
mixedH_TM U_p: 0.0001, Epoch [97/10000]:   0%|          | 0/1 [00:00<?, ?it/s, loss=-7.19, loss_E=-7.2]
mixedH_TM U_p: 0.0001, Epoch [97/10000]: 100%|██████████| 1/1 [00:00<00:00, 28.84it/s, loss=-7.19, loss_E=-7.2]

  0%|          | 0/1 [00:00<?, ?it/s]
mixedH_TM U_p: 0.0001, Epoch [98/10000]:   0%|          | 0/1 [00:00<?, ?it/s]
mixedH_TM U_p: 0.0001, Epoch [98/10000]:   0%|          | 0/1 [00:00<?, ?it/s, loss=-7.19, loss_E=-7.2]
mixedH_TM U_p: 0.0001, Epoch [98/10000]: 100%|██████████| 1/1 [00:00<00:00, 29.23it/s, loss=-7.19, loss_E=-7.2]

  0%|          | 0/1 [00:00<?, ?it/s]
mixedH_TM U_p: 0.0001, Epoch [99/10000]:   0%|          | 0/1 [00:00<?, ?it/s]
mixedH_TM U_p: 0.0001, Epoch [99/10000]:   0%|          | 0/1 [00:00<?, ?it/s, loss=-7.19, loss_E=-7.2]
mixedH_TM U_p: 0.0001, Epoch [99/10000]: 100%|██████████| 1/1 [00:00<00:00, 25.01it/s, loss=-7.19, loss_E=-7.2]

  0%|          | 0/1 [00:00<?, ?it/s]
mixedH_TM U_p: 0.0001, Epoch [100/10000]:   0%|          | 0/1 [00:00<?, ?it/s]
mixedH_TM U_p: 0.0001, Epoch [100/10000]:   0%|          | 0/1 [00:00<?, ?it/s, loss=-7.19, loss_E=-7.2]
mixedH_TM U_p: 0.0001, Epoch [100/10000]: 100%|██████████| 1/1 [00:00<00:00, 27.55it/s, loss=-7.19, loss_E=-7.2]
